[colorlib.com/preview/theme/capture/index.html]
[backblue.gif]
[fade.gif]
[index.html]
[colorlib.com/preview/theme/capture/css/open-iconic-bootstrap.min.css]
[colorlib.com/preview/theme/capture/css/animate.css]
[colorlib.com/preview/theme/capture/css/owl.carousel.min.css]
[colorlib.com/preview/theme/capture/css/owl.theme.default.min.css]
[colorlib.com/preview/theme/capture/css/magnific-popup.css]
[colorlib.com/preview/theme/capture/css/aos.css]
[colorlib.com/preview/theme/capture/css/ionicons.min.css]
[colorlib.com/preview/theme/capture/css/bootstrap-datepicker.css]
[colorlib.com/preview/theme/capture/css/jquery.timepicker.css]
[colorlib.com/preview/theme/capture/css/flaticon.css]
[colorlib.com/preview/theme/capture/css/icomoon.css]
[colorlib.com/preview/theme/capture/css/style.css]
[colorlib.com/preview/theme/capture/gallery.html]
[colorlib.com/preview/theme/capture/about.html]
[colorlib.com/preview/theme/capture/blog.html]
[colorlib.com/preview/theme/capture/contact.html]
[colorlib.com/preview/theme/capture/images/image_1.jpg]
[colorlib.com/preview/theme/capture/images/image_2.jpg]
[colorlib.com/preview/theme/capture/images/image_3.jpg]
[colorlib.com/preview/theme/capture/images/image_4.jpg]
[colorlib.com/preview/theme/capture/images/image_5.jpg]
[colorlib.com/preview/theme/capture/images/image_6.jpg]
[colorlib.com/preview/theme/capture/images/image_7.jpg]
[colorlib.com/preview/theme/capture/images/image_8.jpg]
[colorlib.com/preview/theme/capture/images/image_9.jpg]
[colorlib.com/preview/theme/capture/images/image_10.jpg]
[colorlib.com/preview/theme/capture/images/image_11.jpg]
[colorlib.com/preview/theme/capture/images/image_12.jpg]
[colorlib.com/cdn-cgi/scripts/5c5dd728/cloudflare-static/email-decode.min.js]
[colorlib.com/preview/theme/capture/js/jquery.min.js]
[colorlib.com/preview/theme/capture/js/jquery-migrate-3.0.1.min.js]
[colorlib.com/preview/theme/capture/js/popper.min.js]
[colorlib.com/preview/theme/capture/js/bootstrap.min.js]
[colorlib.com/preview/theme/capture/js/jquery.easing.1.3.js]
[colorlib.com/preview/theme/capture/js/jquery.waypoints.min.js]
[colorlib.com/preview/theme/capture/js/jquery.stellar.min.js]
[colorlib.com/preview/theme/capture/js/owl.carousel.min.js]
[colorlib.com/preview/theme/capture/js/jquery.magnific-popup.min.js]
[colorlib.com/preview/theme/capture/js/aos.js]
[colorlib.com/preview/theme/capture/js/jquery.animateNumber.min.js]
[colorlib.com/preview/theme/capture/js/bootstrap-datepicker.js]
[colorlib.com/preview/theme/capture/js/jquery.timepicker.min.js]
[colorlib.com/preview/theme/capture/js/scrollax.min.js]
[colorlib.com/preview/theme/capture/js/google-map.js]
[colorlib.com/preview/theme/capture/js/main.js]
[colorlib.com/preview/theme/capture/index.html]
[ajax.cloudflare.com/cdn-cgi/scripts/95c75768/cloudflare-static/rocket-loader.min.js]
[colorlib.com/preview/theme/capture/fonts/open-iconic/open-iconic.eot]
[colorlib.com/preview/theme/capture/fonts/open-iconic/open-iconicd41d.eot]
[colorlib.com/preview/theme/capture/fonts/open-iconic/open-iconic.woff]
[colorlib.com/preview/theme/capture/fonts/open-iconic/open-iconic.ttf]
[colorlib.com/preview/theme/capture/fonts/open-iconic/open-iconic.otf]
[colorlib.com/preview/theme/capture/css/open-iconic-bootstrap.min.css]
[colorlib.com/preview/theme/capture/css/animate.css]
[colorlib.com/preview/theme/capture/fonts/open-iconic/open-iconic.svg]
[colorlib.com/preview/theme/capture/css/owl.video.play.png]
[colorlib.com/preview/theme/capture/css/owl.carousel.min.css]
[colorlib.com/preview/theme/capture/css/owl.theme.default.min.css]
[colorlib.com/preview/theme/capture/css/magnific-popup.css]
[colorlib.com/preview/theme/capture/css/aos.css]
[colorlib.com/preview/theme/capture/fonts/ionicons/fonts/ionicons580c.eot]
[colorlib.com/preview/theme/capture/fonts/ionicons/fonts/ionicons580c.woff2]
[colorlib.com/preview/theme/capture/fonts/ionicons/fonts/ionicons580c.woff]
[colorlib.com/preview/theme/capture/fonts/ionicons/fonts/ionicons580c.ttf]
[colorlib.com/preview/theme/capture/css/ionicons.min.css]
[colorlib.com/preview/theme/capture/css/bootstrap-datepicker.css]
[colorlib.com/preview/theme/capture/css/jquery.timepicker.css]
[colorlib.com/preview/theme/capture/fonts/ionicons/fonts/ionicons580c.svg]
[colorlib.com/preview/theme/capture/fonts/flaticon/font/Flaticon.eot]
[colorlib.com/preview/theme/capture/fonts/flaticon/font/Flaticond41d.eot]
[colorlib.com/preview/theme/capture/fonts/flaticon/font/Flaticon.woff]
[colorlib.com/preview/theme/capture/fonts/flaticon/font/Flaticon.ttf]
[colorlib.com/preview/theme/capture/css/flaticon.css]
[colorlib.com/preview/theme/capture/fonts/flaticon/font/Flaticon.svg]
[colorlib.com/preview/theme/capture/fonts/icomoon/icomoonccfb.eot]
[colorlib.com/preview/theme/capture/fonts/icomoon/icomoonccfb.ttf]
[colorlib.com/preview/theme/capture/fonts/icomoon/icomoonccfb.woff]
[colorlib.com/preview/theme/capture/css/icomoon.css]
[colorlib.com/preview/theme/capture/css/style.css]
[colorlib.com/preview/theme/capture/gallery.html]
[colorlib.com/preview/theme/capture/fonts/icomoon/icomoonccfb.svg]
[colorlib.com/preview/theme/capture/images/author.jpg]
[colorlib.com/preview/theme/capture/images/person_1.jpg]
[colorlib.com/preview/theme/capture/images/person_2.jpg]
[colorlib.com/preview/theme/capture/images/person_3.jpg]
[colorlib.com/preview/theme/capture/images/person_4.jpg]
[colorlib.com/preview/theme/capture/about.html]
[colorlib.com/preview/theme/capture/single.html]
[colorlib.com/preview/theme/capture/blog.html]
[colorlib.com/preview/theme/capture/images/bg_1.jpg]
[colorlib.com/preview/theme/capture/contact.html]
[colorlib.com/preview/theme/capture/js/jquery.timepicker.min.html]
[colorlib.com/preview/theme/capture/fonts/open-iconic/open-iconic.svg]
[colorlib.com/preview/theme/capture/css/owl.video.play.html]
[colorlib.com/preview/theme/capture/fonts/ionicons/fonts/ionicons580c.svg]
[colorlib.com/preview/theme/capture/fonts/flaticon/font/Flaticon.svg]
[colorlib.com/preview/theme/capture/fonts/icomoon/icomoonccfb.svg]
[colorlib.com/preview/theme/capture/single.html]
